(0:0): informational FMT1000: Data Description and Conversion for OS/2 Version 1.10
(0:0): informational FMT1001: ADL Parser (c) Copyright IBM Corp. 1994.
(0:0): informational FMT1002: All rights reserved.
<0001> DECLARE BEGIN;         /* ADL */
<0002>   COBOLREC: SEQUENCE BEGIN;
<0003>     INITIALS: CHAR LENGTH(3)
<0004>               CCSID(500);
<0005>     NUMBER: PACKED PRECISION(5);
<0006>   END;
<0007> END;
<0008> 
<0009> DECLARE BEGIN;         /* ADL */
<0010>   CREC: SEQUENCE BEGIN;
<0011>     INITIALS: CHARSFX MAXLEN(4)
<0012>               CCSID(850);
<0013>     NUMBER: BINARY PRECISION(15)
<0014>             BYTRVS (TRUE );
<0015>   END;
<0016> END;
<0017> 
<0018> COBOL_TO_C: PLAN( COBOLREC: INPUT,
<0019>                   CREC: OUTPUT )
<0020>   BEGIN;
<0021>     CREC <- COBOLREC;
<0022>   END;
<0023> 
<0024> C_TO_COBOL: PLAN( CREC: INPUT,
<0025>                   COBOLREC: OUTPUT )
<0026>   BEGIN;
<0027>     COBOLREC <- CREC;
<0028>   END;
